<?xml version="1.0" encoding="UTF-8"?>
<!-- Generated by org.testng.reporters.JUnitXMLReporter -->
<testsuite ignored="0" hostname="DESKTOP-IP7TE20" failures="1" tests="7" name="Master" time="148.426" errors="0" timestamp="2024-11-16T19:28:16 IST">
  <testcase classname="testCases.TC_001_Verify_Logo" name="Verify_Logo" time="0.898"/>
  <testcase classname="testCases.TC_002_Registration_of_new_user" name="Registration_of_new_user" time="10.453"/>
  <testcase classname="testCases.TC_003_User_login_with_valid_credentials" name="User_login_with_valid_credentials" time="4.254"/>
  <testcase classname="testCases.TC_004_Verify_login_failure_with_empty_username" name="Verify_login_failure_with_empty_username" time="3.42"/>
  <testcase classname="testCases.TC_005_Verify_login_failure_with_incorrect_password" name="Verify_login_failure_with_incorrect_password" time="0.53">
    <failure type="java.lang.IllegalArgumentException" message="Keys to send should be a not null CharSequence">
      <![CDATA[java.lang.IllegalArgumentException: Keys to send should be a not null CharSequence
at org.openqa.selenium.remote.RemoteWebElement.sendKeys(RemoteWebElement.java:96)
at org.openqa.selenium.support.pagefactory.internal.LocatingElementHandler.invoke(LocatingElementHandler.java:51)
at jdk.proxy2/jdk.proxy2.$Proxy30.sendKeys(Unknown Source)
at pageObjects.HomePage.sendpassword(HomePage.java:85)
at testCases.TC_005_Verify_login_failure_with_incorrect_password.Verify_login_failure_with_incorrect_password(TC_005_Verify_login_failure_with_incorrect_password.java:29)
at java.base/java.util.ArrayList.forEach(ArrayList.java:1596)
... Removed 27 stack frames]]>
    </failure>
  </testcase> <!-- Verify_login_failure_with_incorrect_password -->
  <testcase classname="testCases.TC_006_Verify_account_balance_display_after_login" name="Verify_account_balance_display_after_login" time="4.723"/>
  <testcase classname="testCases.TC_007_Verify_successful_logout" name="Verify_successful_logout" time="6.47"/>
</testsuite> <!-- Master -->
