<html>
<head>
<title>TestNG:  parallel2</title>
<link href="../testng.css" rel="stylesheet" type="text/css" />
<link href="../my-testng.css" rel="stylesheet" type="text/css" />

<style type="text/css">
.log { display: none;} 
.stack-trace { display: none;} 
</style>
<script type="text/javascript">
<!--
function flip(e) {
  current = e.style.display;
  if (current == 'block') {
    e.style.display = 'none';
    return 0;
  }
  else {
    e.style.display = 'block';
    return 1;
  }
}

function toggleBox(szDivId, elem, msg1, msg2)
{
  var res = -1;  if (document.getElementById) {
    res = flip(document.getElementById(szDivId));
  }
  else if (document.all) {
    // this is the way old msie versions work
    res = flip(document.all[szDivId]);
  }
  if(elem) {
    if(res == 0) elem.innerHTML = msg1; else elem.innerHTML = msg2;
  }

}

function toggleAllBoxes() {
  if (document.getElementsByTagName) {
    d = document.getElementsByTagName('div');
    for (i = 0; i < d.length; i++) {
      if (d[i].className == 'log') {
        flip(d[i]);
      }
    }
  }
}

// -->
</script>

</head>
<body>
<h2 align='center'>parallel2</h2><table border='1' align="center">
<tr>
<td>Tests passed/Failed/Skipped:</td><td>6/1/0</td>
</tr><tr>
<td>Started on:</td><td>Sat Nov 16 16:25:57 IST 2024</td>
</tr>
<tr><td>Total time:</td><td>365 seconds (365924 ms)</td>
</tr><tr>
<td>Included groups:</td><td></td>
</tr><tr>
<td>Excluded groups:</td><td></td>
</tr>
</table><p/>
<small><i>(Hover the method name to see the test class name)</i></small><p/>
<table width='100%' border='1' class='invocation-failed'>
<tr><td colspan='4' align='center'><b>FAILED TESTS</b></td></tr>
<tr><td><b>Test method</b></td>
<td width="30%"><b>Exception</b></td>
<td width="10%"><b>Time (seconds)</b></td>
<td><b>Instance</b></td>
</tr>
<tr>
<td title='testCases.TC_005_Verify_login_failure_with_incorrect_password.Verify_login_failure_with_incorrect_password()'><b>Verify_login_failure_with_incorrect_password</b><br>Test class: testCases.TC_005_Verify_login_failure_with_incorrect_password</td>
<td><div><pre>java.lang.IllegalArgumentException: Keys to send should be a not null CharSequence
	at org.openqa.selenium.remote.RemoteWebElement.sendKeys(RemoteWebElement.java:96)
	at org.openqa.selenium.support.pagefactory.internal.LocatingElementHandler.invoke(LocatingElementHandler.java:51)
	at jdk.proxy2/jdk.proxy2.$Proxy30.sendKeys(Unknown Source)
	at pageObjects.HomePage.sendpassword(HomePage.java:85)
	at testCases.TC_005_Verify_login_failure_with_incorrect_password.Verify_login_failure_with_incorrect_password(TC_005_Verify_login_failure_with_incorrect_password.java:29)
	at java.base/java.util.ArrayList.forEach(ArrayList.java:1596)
	at java.base/java.util.concurrent.FutureTask.run(FutureTask.java:317)
	at java.base/java.util.concurrent.ThreadPoolExecutor.runWorker(ThreadPoolExecutor.java:1144)
	at java.base/java.util.concurrent.ThreadPoolExecutor$Worker.run(ThreadPoolExecutor.java:642)
	at java.base/java.lang.Thread.run(Thread.java:1583)
... Removed 18 stack frames</pre></div><a href='#' onClick='toggleBox("stack-trace1420914743", this, "Click to show all stack frames", "Click to hide stack frames")'>Click to show all stack frames</a>
<div class='stack-trace' id='stack-trace1420914743'><pre>java.lang.IllegalArgumentException: Keys to send should be a not null CharSequence
	at org.openqa.selenium.remote.RemoteWebElement.sendKeys(RemoteWebElement.java:96)
	at java.base/jdk.internal.reflect.DirectMethodHandleAccessor.invoke(DirectMethodHandleAccessor.java:103)
	at java.base/java.lang.reflect.Method.invoke(Method.java:580)
	at org.openqa.selenium.support.pagefactory.internal.LocatingElementHandler.invoke(LocatingElementHandler.java:51)
	at jdk.proxy2/jdk.proxy2.$Proxy30.sendKeys(Unknown Source)
	at pageObjects.HomePage.sendpassword(HomePage.java:85)
	at testCases.TC_005_Verify_login_failure_with_incorrect_password.Verify_login_failure_with_incorrect_password(TC_005_Verify_login_failure_with_incorrect_password.java:29)
	at java.base/jdk.internal.reflect.DirectMethodHandleAccessor.invoke(DirectMethodHandleAccessor.java:103)
	at java.base/java.lang.reflect.Method.invoke(Method.java:580)
	at org.testng.internal.MethodInvocationHelper.invokeMethod(MethodInvocationHelper.java:133)
	at org.testng.internal.TestInvoker.invokeMethod(TestInvoker.java:598)
	at org.testng.internal.TestInvoker.invokeTestMethod(TestInvoker.java:173)
	at org.testng.internal.MethodRunner.runInSequence(MethodRunner.java:46)
	at org.testng.internal.TestInvoker$MethodInvocationAgent.invoke(TestInvoker.java:824)
	at org.testng.internal.TestInvoker.invokeTestMethods(TestInvoker.java:146)
	at org.testng.internal.TestMethodWorker.invokeTestMethods(TestMethodWorker.java:146)
	at org.testng.internal.TestMethodWorker.run(TestMethodWorker.java:128)
	at java.base/java.util.ArrayList.forEach(ArrayList.java:1596)
	at org.testng.TestRunner.privateRun(TestRunner.java:794)
	at org.testng.TestRunner.run(TestRunner.java:596)
	at org.testng.SuiteRunner.runTest(SuiteRunner.java:377)
	at org.testng.SuiteRunner.access$000(SuiteRunner.java:28)
	at org.testng.SuiteRunner$SuiteWorker.run(SuiteRunner.java:418)
	at org.testng.internal.thread.ThreadUtil.lambda$execute$0(ThreadUtil.java:64)
	at java.base/java.util.concurrent.FutureTask.run(FutureTask.java:317)
	at java.base/java.util.concurrent.ThreadPoolExecutor.runWorker(ThreadPoolExecutor.java:1144)
	at java.base/java.util.concurrent.ThreadPoolExecutor$Worker.run(ThreadPoolExecutor.java:642)
	at java.base/java.lang.Thread.run(Thread.java:1583)
</pre></div></td>
<td>0</td>
<td>testCases.TC_005_Verify_login_failure_with_incorrect_password@3023df74</td></tr>
</table><p>
<table width='100%' border='1' class='invocation-passed'>
<tr><td colspan='4' align='center'><b>PASSED TESTS</b></td></tr>
<tr><td><b>Test method</b></td>
<td width="30%"><b>Exception</b></td>
<td width="10%"><b>Time (seconds)</b></td>
<td><b>Instance</b></td>
</tr>
<tr>
<td title='testCases.TC_004_Verify_login_failure_with_empty_username.Verify_login_failure_with_empty_username()'><b>Verify_login_failure_with_empty_username</b><br>Test class: testCases.TC_004_Verify_login_failure_with_empty_username</td>
<td></td>
<td>2</td>
<td>testCases.TC_004_Verify_login_failure_with_empty_username@145f66e3</td></tr>
<tr>
<td title='testCases.TC_001_Verify_Logo.Verify_Logo()'><b>Verify_Logo</b><br>Test class: testCases.TC_001_Verify_Logo</td>
<td></td>
<td>0</td>
<td>testCases.TC_001_Verify_Logo@18078bef</td></tr>
<tr>
<td title='testCases.TC_003_User_login_with_valid_credentials.User_login_with_valid_credentials()'><b>User_login_with_valid_credentials</b><br>Test class: testCases.TC_003_User_login_with_valid_credentials</td>
<td></td>
<td>3</td>
<td>testCases.TC_003_User_login_with_valid_credentials@4c371370</td></tr>
<tr>
<td title='testCases.TC_002_Registration_of_new_user.Registration_of_new_user()'><b>Registration_of_new_user</b><br>Test class: testCases.TC_002_Registration_of_new_user</td>
<td></td>
<td>7</td>
<td>testCases.TC_002_Registration_of_new_user@799f10e1</td></tr>
<tr>
<td title='testCases.TC_006_Verify_account_balance_display_after_login.Verify_account_balance_display_after_login()'><b>Verify_account_balance_display_after_login</b><br>Test class: testCases.TC_006_Verify_account_balance_display_after_login</td>
<td></td>
<td>5</td>
<td>testCases.TC_006_Verify_account_balance_display_after_login@313ac989</td></tr>
<tr>
<td title='testCases.TC_007_Verify_successful_logout.Verify_successful_logout()'><b>Verify_successful_logout</b><br>Test class: testCases.TC_007_Verify_successful_logout</td>
<td></td>
<td>5</td>
<td>testCases.TC_007_Verify_successful_logout@4562e04d</td></tr>
</table><p>
</body>
</html>